# JRE version: Java(TM) SE Runtime Environment (8.0_251-b08) (build 1.8.0_251-b08)
# Java VM: Java HotSpot(TM) 64-Bit Server VM (25.251-b08 mixed mode windows-amd64 compressed oops)
Heap:
 PSYoungGen      total 70144K, used 59253K [0x000000076b500000, 0x0000000770600000, 0x00000007c0000000)
  eden space 68608K, 84% used [0x000000076b500000,0x000000076edbef00,0x000000076f800000)
  from space 1536K, 74% used [0x000000076f900000,0x000000076fa1e5d0,0x000000076fa80000)
  to   space 7168K, 0% used [0x000000076ff00000,0x000000076ff00000,0x0000000770600000)
 ParOldGen       total 164352K, used 22554K [0x00000006c1e00000, 0x00000006cbe80000, 0x000000076b500000)
  object space 164352K, 13% used [0x00000006c1e00000,0x00000006c3406ae8,0x00000006cbe80000)
 Metaspace       used 47458K, capacity 50124K, committed 50392K, reserved 1093632K
  class space    used 5585K, capacity 6056K, committed 6144K, reserved 1048576K
GC Heap History (10 events):
Event: 22358.915 GC heap before
{Heap before GC invocations=41 (full 2):
 PSYoungGen      total 80896K, used 75534K [0x000000076b500000, 0x0000000770e00000, 0x00000007c0000000)
  eden space 73728K, 100% used [0x000000076b500000,0x000000076fd00000,0x000000076fd00000)
  from space 7168K, 25% used [0x0000000770700000,0x00000007708c3ba0,0x0000000770e00000)
  to   space 8704K, 0% used [0x000000076fd00000,0x000000076fd00000,0x0000000770580000)
 ParOldGen       total 164352K, used 22268K [0x00000006c1e00000, 0x00000006cbe80000, 0x000000076b500000)
  object space 164352K, 13% used [0x00000006c1e00000,0x00000006c33bf328,0x00000006cbe80000)
 Metaspace       used 47437K, capacity 50124K, committed 50392K, reserved 1093632K
  class space    used 5585K, capacity 6056K, committed 6144K, reserved 1048576K
Event: 22358.919 GC heap after
Heap after GC invocations=41 (full 2):
 PSYoungGen      total 74240K, used 1272K [0x000000076b500000, 0x0000000770c00000, 0x00000007c0000000)
  eden space 72704K, 0% used [0x000000076b500000,0x000000076b500000,0x000000076fc00000)
  from space 1536K, 82% used [0x000000076fd00000,0x000000076fe3e170,0x000000076fe80000)
  to   space 8192K, 0% used [0x0000000770400000,0x0000000770400000,0x0000000770c00000)
 ParOldGen       total 164352K, used 22332K [0x00000006c1e00000, 0x00000006cbe80000, 0x000000076b500000)
  object space 164352K, 13% used [0x00000006c1e00000,0x00000006c33cf068,0x00000006cbe80000)
 Metaspace       used 47437K, capacity 50124K, committed 50392K, reserved 1093632K
  class space    used 5585K, capacity 6056K, committed 6144K, reserved 1048576K
}
Event: 22796.381 GC heap before
{Heap before GC invocations=42 (full 2):
 PSYoungGen      total 74240K, used 73976K [0x000000076b500000, 0x0000000770c00000, 0x00000007c0000000)
  eden space 72704K, 100% used [0x000000076b500000,0x000000076fc00000,0x000000076fc00000)
  from space 1536K, 82% used [0x000000076fd00000,0x000000076fe3e170,0x000000076fe80000)
  to   space 8192K, 0% used [0x0000000770400000,0x0000000770400000,0x0000000770c00000)
 ParOldGen       total 164352K, used 22332K [0x00000006c1e00000, 0x00000006cbe80000, 0x000000076b500000)
  object space 164352K, 13% used [0x00000006c1e00000,0x00000006c33cf068,0x00000006cbe80000)
 Metaspace       used 47438K, capacity 50124K, committed 50392K, reserved 1093632K
  class space    used 5585K, capacity 6056K, committed 6144K, reserved 1048576K
Event: 22796.383 GC heap after
Heap after GC invocations=42 (full 2):
 PSYoungGen      total 78848K, used 1192K [0x000000076b500000, 0x0000000770b00000, 0x00000007c0000000)
  eden space 71680K, 0% used [0x000000076b500000,0x000000076b500000,0x000000076fb00000)
  from space 7168K, 16% used [0x0000000770400000,0x000000077052a3a0,0x0000000770b00000)
  to   space 8192K, 0% used [0x000000076fb00000,0x000000076fb00000,0x0000000770300000)
 ParOldGen       total 164352K, used 22443K [0x00000006c1e00000, 0x00000006cbe80000, 0x000000076b500000)
  object space 164352K, 13% used [0x00000006c1e00000,0x00000006c33eac48,0x00000006cbe80000)
 Metaspace       used 47438K, capacity 50124K, committed 50392K, reserved 1093632K
  class space    used 5585K, capacity 6056K, committed 6144K, reserved 1048576K
}
Event: 23200.811 GC heap before
{Heap before GC invocations=43 (full 2):
 PSYoungGen      total 78848K, used 72872K [0x000000076b500000, 0x0000000770b00000, 0x00000007c0000000)
  eden space 71680K, 100% used [0x000000076b500000,0x000000076fb00000,0x000000076fb00000)
  from space 7168K, 16% used [0x0000000770400000,0x000000077052a3a0,0x0000000770b00000)
  to   space 8192K, 0% used [0x000000076fb00000,0x000000076fb00000,0x0000000770300000)
 ParOldGen       total 164352K, used 22443K [0x00000006c1e00000, 0x00000006cbe80000, 0x000000076b500000)
  object space 164352K, 13% used [0x00000006c1e00000,0x00000006c33eac48,0x00000006cbe80000)
 Metaspace       used 47441K, capacity 50124K, committed 50392K, reserved 1093632K
  class space    used 5585K, capacity 6056K, committed 6144K, reserved 1048576K
Event: 23200.814 GC heap after
Heap after GC invocations=43 (full 2):
 PSYoungGen      total 72704K, used 1918K [0x000000076b500000, 0x0000000770900000, 0x00000007c0000000)
  eden space 70656K, 0% used [0x000000076b500000,0x000000076b500000,0x000000076fa00000)
  from space 2048K, 93% used [0x000000076fb00000,0x000000076fcdfa10,0x000000076fd00000)
  to   space 7680K, 0% used [0x0000000770180000,0x0000000770180000,0x0000000770900000)
 ParOldGen       total 164352K, used 22483K [0x00000006c1e00000, 0x00000006cbe80000, 0x000000076b500000)
  object space 164352K, 13% used [0x00000006c1e00000,0x00000006c33f4c48,0x00000006cbe80000)
 Metaspace       used 47441K, capacity 50124K, committed 50392K, reserved 1093632K
  class space    used 5585K, capacity 6056K, committed 6144K, reserved 1048576K
}
Event: 23635.872 GC heap before
{Heap before GC invocations=44 (full 2):
 PSYoungGen      total 72704K, used 72574K [0x000000076b500000, 0x0000000770900000, 0x00000007c0000000)
  eden space 70656K, 100% used [0x000000076b500000,0x000000076fa00000,0x000000076fa00000)
  from space 2048K, 93% used [0x000000076fb00000,0x000000076fcdfa10,0x000000076fd00000)
  to   space 7680K, 0% used [0x0000000770180000,0x0000000770180000,0x0000000770900000)
 ParOldGen       total 164352K, used 22483K [0x00000006c1e00000, 0x00000006cbe80000, 0x000000076b500000)
  object space 164352K, 13% used [0x00000006c1e00000,0x00000006c33f4c48,0x00000006cbe80000)
 Metaspace       used 47447K, capacity 50124K, committed 50392K, reserved 1093632K
  class space    used 5585K, capacity 6056K, committed 6144K, reserved 1048576K
Event: 23635.875 GC heap after
Heap after GC invocations=44 (full 2):
 PSYoungGen      total 75264K, used 1645K [0x000000076b500000, 0x0000000770700000, 0x00000007c0000000)
  eden space 69632K, 0% used [0x000000076b500000,0x000000076b500000,0x000000076f900000)
  from space 5632K, 29% used [0x0000000770180000,0x000000077031b520,0x0000000770700000)
  to   space 7168K, 0% used [0x000000076f900000,0x000000076f900000,0x0000000770000000)
 ParOldGen       total 164352K, used 22491K [0x00000006c1e00000, 0x00000006cbe80000, 0x000000076b500000)
  object space 164352K, 13% used [0x00000006c1e00000,0x00000006c33f6c48,0x00000006cbe80000)
 Metaspace       used 47447K, capacity 50124K, committed 50392K, reserved 1093632K
  class space    used 5585K, capacity 6056K, committed 6144K, reserved 1048576K
}
Event: 24069.992 GC heap before
{Heap before GC invocations=45 (full 2):
 PSYoungGen      total 75264K, used 71277K [0x000000076b500000, 0x0000000770700000, 0x00000007c0000000)
  eden space 69632K, 100% used [0x000000076b500000,0x000000076f900000,0x000000076f900000)
  from space 5632K, 29% used [0x0000000770180000,0x000000077031b520,0x0000000770700000)
  to   space 7168K, 0% used [0x000000076f900000,0x000000076f900000,0x0000000770000000)
 ParOldGen       total 164352K, used 22491K [0x00000006c1e00000, 0x00000006cbe80000, 0x000000076b500000)
  object space 164352K, 13% used [0x00000006c1e00000,0x00000006c33f6c48,0x00000006cbe80000)
 Metaspace       used 47447K, capacity 50124K, committed 50392K, reserved 1093632K
  class space    used 5585K, capacity 6056K, committed 6144K, reserved 1048576K
Event: 24069.994 GC heap after
Heap after GC invocations=45 (full 2):
 PSYoungGen      total 70144K, used 1145K [0x000000076b500000, 0x0000000770600000, 0x00000007c0000000)
  eden space 68608K, 0% used [0x000000076b500000,0x000000076b500000,0x000000076f800000)
  from space 1536K, 74% used [0x000000076f900000,0x000000076fa1e5d0,0x000000076fa80000)
  to   space 7168K, 0% used [0x000000076ff00000,0x000000076ff00000,0x0000000770600000)
 ParOldGen       total 164352K, used 22554K [0x00000006c1e00000, 0x00000006cbe80000, 0x000000076b500000)
  object space 164352K, 13% used [0x00000006c1e00000,0x00000006c3406ae8,0x00000006cbe80000)
 Metaspace       used 47447K, capacity 50124K, committed 50392K, reserved 1093632K
  class space    used 5585K, capacity 6056K, committed 6144K, reserved 1048576K
}

